# JRE version: Java(TM) SE Runtime Environment (17.0.12+8) (build 17.0.12+8-LTS-286)
# Java VM: Java HotSpot(TM) 64-Bit Server VM (17.0.12+8-LTS-286, mixed mode, emulated-client, sharing, tiered, compressed oops, compressed class ptrs, g1 gc, windows-amd64)
GC Precious Log:
 CPUs: 16 total, 16 available
 Memory: 15178M
 Large Page Support: Disabled
 NUMA Support: Disabled
 Compressed Oops: Enabled (Zero based)
 Heap Region Size: 2M
 Heap Min Capacity: 8M
 Heap Initial Capacity: 238M
 Heap Max Capacity: 3796M
 Pre-touch: Disabled
 Parallel Workers: 13
 Concurrent Workers: 3
 Concurrent Refinement Workers: 13
 Periodic GC: Disabled
Heap:
 garbage-first heap   total 276480K, used 140494K [0x0000000712c00000, 0x0000000800000000)
  region size 2048K, 2 young (4096K), 2 survivors (4096K)
 Metaspace       used 74501K, committed 75200K, reserved 1114112K
  class space    used 10999K, committed 11328K, reserved 1048576K
GC Heap History (20 events):
Event: 15.729 GC heap after
{Heap after GC invocations=21 (full 0):
 garbage-first heap   total 133120K, used 47980K [0x0000000712c00000, 0x0000000800000000)
  region size 2048K, 3 young (6144K), 3 survivors (6144K)
 Metaspace       used 72879K, committed 73600K, reserved 1114112K
  class space    used 10796K, committed 11136K, reserved 1048576K
}
Event: 15.989 GC heap before
{Heap before GC invocations=21 (full 0):
 garbage-first heap   total 133120K, used 103276K [0x0000000712c00000, 0x0000000800000000)
  region size 2048K, 30 young (61440K), 3 survivors (6144K)
 Metaspace       used 72903K, committed 73600K, reserved 1114112K
  class space    used 10803K, committed 11136K, reserved 1048576K
}
Event: 16.005 GC heap after
{Heap after GC invocations=22 (full 0):
 garbage-first heap   total 133120K, used 60295K [0x0000000712c00000, 0x0000000800000000)
  region size 2048K, 4 young (8192K), 4 survivors (8192K)
 Metaspace       used 72903K, committed 73600K, reserved 1114112K
  class space    used 10803K, committed 11136K, reserved 1048576K
}
Event: 16.140 GC heap before
{Heap before GC invocations=22 (full 0):
 garbage-first heap   total 133120K, used 95111K [0x0000000712c00000, 0x0000000800000000)
  region size 2048K, 21 young (43008K), 4 survivors (8192K)
 Metaspace       used 72903K, committed 73600K, reserved 1114112K
  class space    used 10803K, committed 11136K, reserved 1048576K
}
Event: 16.155 GC heap after
{Heap after GC invocations=23 (full 0):
 garbage-first heap   total 133120K, used 73077K [0x0000000712c00000, 0x0000000800000000)
  region size 2048K, 3 young (6144K), 3 survivors (6144K)
 Metaspace       used 72903K, committed 73600K, reserved 1114112K
  class space    used 10803K, committed 11136K, reserved 1048576K
}
Event: 16.259 GC heap before
{Heap before GC invocations=23 (full 0):
 garbage-first heap   total 133120K, used 97653K [0x0000000712c00000, 0x0000000800000000)
  region size 2048K, 15 young (30720K), 3 survivors (6144K)
 Metaspace       used 72904K, committed 73600K, reserved 1114112K
  class space    used 10803K, committed 11136K, reserved 1048576K
}
Event: 16.271 GC heap after
{Heap after GC invocations=24 (full 0):
 garbage-first heap   total 223232K, used 81246K [0x0000000712c00000, 0x0000000800000000)
  region size 2048K, 2 young (4096K), 2 survivors (4096K)
 Metaspace       used 72904K, committed 73600K, reserved 1114112K
  class space    used 10803K, committed 11136K, reserved 1048576K
}
Event: 16.663 GC heap before
{Heap before GC invocations=25 (full 0):
 garbage-first heap   total 223232K, used 152926K [0x0000000712c00000, 0x0000000800000000)
  region size 2048K, 37 young (75776K), 2 survivors (4096K)
 Metaspace       used 72904K, committed 73600K, reserved 1114112K
  class space    used 10803K, committed 11136K, reserved 1048576K
}
Event: 16.692 GC heap after
{Heap after GC invocations=26 (full 0):
 garbage-first heap   total 223232K, used 108612K [0x0000000712c00000, 0x0000000800000000)
  region size 2048K, 5 young (10240K), 5 survivors (10240K)
 Metaspace       used 72904K, committed 73600K, reserved 1114112K
  class space    used 10803K, committed 11136K, reserved 1048576K
}
Event: 16.914 GC heap before
{Heap before GC invocations=26 (full 0):
 garbage-first heap   total 223232K, used 147524K [0x0000000712c00000, 0x0000000800000000)
  region size 2048K, 25 young (51200K), 5 survivors (10240K)
 Metaspace       used 72904K, committed 73600K, reserved 1114112K
  class space    used 10803K, committed 11136K, reserved 1048576K
}
Event: 16.932 GC heap after
{Heap after GC invocations=27 (full 0):
 garbage-first heap   total 223232K, used 125530K [0x0000000712c00000, 0x0000000800000000)
  region size 2048K, 4 young (8192K), 4 survivors (8192K)
 Metaspace       used 72904K, committed 73600K, reserved 1114112K
  class space    used 10803K, committed 11136K, reserved 1048576K
}
Event: 17.129 GC heap before
{Heap before GC invocations=28 (full 0):
 garbage-first heap   total 249856K, used 164442K [0x0000000712c00000, 0x0000000800000000)
  region size 2048K, 22 young (45056K), 4 survivors (8192K)
 Metaspace       used 72904K, committed 73600K, reserved 1114112K
  class space    used 10803K, committed 11136K, reserved 1048576K
}
Event: 17.146 GC heap after
{Heap after GC invocations=29 (full 0):
 garbage-first heap   total 249856K, used 139434K [0x0000000712c00000, 0x0000000800000000)
  region size 2048K, 3 young (6144K), 3 survivors (6144K)
 Metaspace       used 72904K, committed 73600K, reserved 1114112K
  class space    used 10803K, committed 11136K, reserved 1048576K
}
Event: 17.326 GC heap before
{Heap before GC invocations=29 (full 0):
 garbage-first heap   total 249856K, used 182442K [0x0000000712c00000, 0x0000000800000000)
  region size 2048K, 24 young (49152K), 3 survivors (6144K)
 Metaspace       used 72904K, committed 73600K, reserved 1114112K
  class space    used 10803K, committed 11136K, reserved 1048576K
}
Event: 17.345 GC heap after
{Heap after GC invocations=30 (full 0):
 garbage-first heap   total 249856K, used 156857K [0x0000000712c00000, 0x0000000800000000)
  region size 2048K, 3 young (6144K), 3 survivors (6144K)
 Metaspace       used 72904K, committed 73600K, reserved 1114112K
  class space    used 10803K, committed 11136K, reserved 1048576K
}
Event: 17.548 GC heap before
{Heap before GC invocations=31 (full 0):
 garbage-first heap   total 276480K, used 177337K [0x0000000712c00000, 0x0000000800000000)
  region size 2048K, 19 young (38912K), 3 survivors (6144K)
 Metaspace       used 72904K, committed 73600K, reserved 1114112K
  class space    used 10803K, committed 11136K, reserved 1048576K
}
Event: 17.565 GC heap after
{Heap after GC invocations=32 (full 0):
 garbage-first heap   total 276480K, used 154938K [0x0000000712c00000, 0x0000000800000000)
  region size 2048K, 3 young (6144K), 3 survivors (6144K)
 Metaspace       used 72904K, committed 73600K, reserved 1114112K
  class space    used 10803K, committed 11136K, reserved 1048576K
}
Event: 17.676 GC heap before
{Heap before GC invocations=32 (full 0):
 garbage-first heap   total 276480K, used 161082K [0x0000000712c00000, 0x0000000800000000)
  region size 2048K, 6 young (12288K), 3 survivors (6144K)
 Metaspace       used 73001K, committed 73728K, reserved 1114112K
  class space    used 10829K, committed 11200K, reserved 1048576K
}
Event: 17.685 GC heap after
{Heap after GC invocations=33 (full 0):
 garbage-first heap   total 276480K, used 137719K [0x0000000712c00000, 0x0000000800000000)
  region size 2048K, 1 young (2048K), 1 survivors (2048K)
 Metaspace       used 73001K, committed 73728K, reserved 1114112K
  class space    used 10829K, committed 11200K, reserved 1048576K
}
Event: 18.453 GC heap before
{Heap before GC invocations=33 (full 0):
 garbage-first heap   total 276480K, used 193015K [0x0000000712c00000, 0x0000000800000000)
  region size 2048K, 28 young (57344K), 1 survivors (2048K)
 Metaspace       used 74501K, committed 75200K, reserved 1114112K
  class space    used 10999K, committed 11328K, reserved 1048576K
}

